Change Component Designator: Old Designator=C1 New Designator=C19
Change Component Designator: Old Designator=C2 New Designator=C20
Change Component Designator: Old Designator=C3 New Designator=C29
Change Component Designator: Old Designator=C4 New Designator=C30
Change Component Designator: Old Designator=C5 New Designator=C22
Change Component Designator: Old Designator=C6 New Designator=C31
Change Component Designator: Old Designator=C7 New Designator=C21
Change Component Designator: Old Designator=C8 New Designator=C24
Change Component Designator: Old Designator=C9 New Designator=C32
Change Component Designator: Old Designator=C10 New Designator=C23
Change Component Designator: Old Designator=C11 New Designator=C25
Change Component Designator: Old Designator=C12 New Designator=C26
Change Component Designator: Old Designator=C13 New Designator=C27
Change Component Designator: Old Designator=C14 New Designator=C28
Change Component Designator: Old Designator=C15 New Designator=C34
Change Component Designator: Old Designator=C16 New Designator=C35
Change Component Designator: Old Designator=C17 New Designator=C36
Change Component Designator: Old Designator=C18 New Designator=C33
Change Component Designator: Old Designator=DA1 New Designator=DA8
Change Component Designator: Old Designator=DA2 New Designator=DA9
Change Component Designator: Old Designator=DA3 New Designator=DA10
Change Component Designator: Old Designator=DA4 New Designator=DA11
Change Component Designator: Old Designator=DA5 New Designator=DA12
Change Component Designator: Old Designator=DA6 New Designator=DA13
Change Component Designator: Old Designator=DA7 New Designator=DA14
Change Component Designator: Old Designator=DD1 New Designator=DD2
Change Component Designator: Old Designator=J1 New Designator=J3
Change Component Designator: Old Designator=J2 New Designator=J4
Change Component Designator: Old Designator=R1 New Designator=R7
Change Component Designator: Old Designator=R2 New Designator=R8
Change Component Designator: Old Designator=R3 New Designator=R9
Change Component Designator: Old Designator=R4 New Designator=R10
Change Component Designator: Old Designator=R5 New Designator=R12
Change Component Designator: Old Designator=R6 New Designator=R11
Change Component Designator: Old Designator=U1 New Designator=U3
Change Component Designator: Old Designator=U2 New Designator=U4
Change Component Designator: Old Designator=X1 New Designator=X3
Change Component Designator: Old Designator=X3 New Designator=X4
