Change Component Designator: Old Designator=C19 New Designator=C1
Change Component Designator: Old Designator=C20 New Designator=C2
Change Component Designator: Old Designator=C21 New Designator=C3
Change Component Designator: Old Designator=C22 New Designator=C4
Change Component Designator: Old Designator=C23 New Designator=C6
Change Component Designator: Old Designator=C24 New Designator=C8
Change Component Designator: Old Designator=C25 New Designator=C11
Change Component Designator: Old Designator=C26 New Designator=C12
Change Component Designator: Old Designator=C27 New Designator=C13
Change Component Designator: Old Designator=C27 New Designator=C15
Change Component Designator: Old Designator=C28 New Designator=C14
Change Component Designator: Old Designator=C28 New Designator=C16
Change Component Designator: Old Designator=C29 New Designator=C5
Change Component Designator: Old Designator=C30 New Designator=C7
Change Component Designator: Old Designator=C31 New Designator=C9
Change Component Designator: Old Designator=C32 New Designator=C10
Change Component Designator: Old Designator=C33 New Designator=C17
Change Component Designator: Old Designator=C34 New Designator=C18
Change Component Designator: Old Designator=C35 New Designator=C19
Change Component Designator: Old Designator=C36 New Designator=C20
Change Component Designator: Old Designator=DA8 New Designator=DA1
Change Component Designator: Old Designator=DA9 New Designator=DA2
Change Component Designator: Old Designator=DA11 New Designator=DA3
Change Component Designator: Old Designator=DA12 New Designator=DA4
Change Component Designator: Old Designator=DA13 New Designator=DA5
Change Component Designator: Old Designator=DA14 New Designator=DA6
Change Component Designator: Old Designator=DD2 New Designator=DD1
Change Component Designator: Old Designator=DD3 New Designator=DD2
Change Component Designator: Old Designator=J3 New Designator=J1
Change Component Designator: Old Designator=J4 New Designator=J2
Change Component Designator: Old Designator=R1 New Designator=R2
Change Component Designator: Old Designator=R2 New Designator=R3
Change Component Designator: Old Designator=R3 New Designator=R5
Change Component Designator: Old Designator=R7 New Designator=R1
Change Component Designator: Old Designator=R10 New Designator=R4
Change Component Designator: Old Designator=R12 New Designator=R6
Change Component Designator: Old Designator=U3 New Designator=U1
Change Component Designator: Old Designator=U4 New Designator=U2
Change Component Designator: Old Designator=X3 New Designator=X1
