Removed Pin From Net: NetName=DC Pin=DD1-26
Removed Pin From Net: NetName=CS Pin=DD1-29
Removed Pin From Net: NetName=SCK Pin=DD1-30
Removed Pin From Net: NetName=MOSI Pin=DD1-37
Removed Pin From Net: NetName=DOUT Pin=R2-1
Removed Pin From Net: NetName=LRC Pin=R3-1
Removed Pin From Net: NetName=BCLK Pin=R4-1
Added Pin To Net: NetName=DC Pin=DD1-9
Added Pin To Net: NetName=CS Pin=DD1-10
Added Pin To Net: NetName=SCK Pin=DD1-12
Added Pin To Net: NetName=MOSI Pin=DD1-15
Added Pin To Net: NetName=LRC Pin=R2-2
Added Pin To Net: NetName=DOUT Pin=R3-2
Added Pin To Net: NetName=BCLK Pin=R4-2
Added Pin To Net: NetName=NetDD1_24 Pin=DD1-24
Added Pin To Net: NetName=NetDD1_24 Pin=R3-1
Added Net: Name=NetDD1_24
Added Pin To Net: NetName=NetDD1_26 Pin=DD1-26
Added Pin To Net: NetName=NetDD1_26 Pin=R4-1
Added Net: Name=NetDD1_26
Added Pin To Net: NetName=NetDD1_29 Pin=DD1-29
Added Pin To Net: NetName=NetDD1_29 Pin=R2-1
Added Net: Name=NetDD1_29
Added Pin To Net: NetName=NetLabel30 Pin=DD1-37
Added Net: Name=NetLabel30
Added Pin To Net: NetName=NetLabel35 Pin=DD1-30
Added Net: Name=NetLabel35
Added Pin To Net: NetName=SP Pin=DD1-3
Added Net: Name=SP
