Removed Pin From Net: NetName=DOUT Pin=DD2-
Added Component: Designator=C27(cap0805)
Add component (AddParameter): Name = "Analog"; Value = ""; VariantName = "[No Variations]"
Add component (AddParameter): Name = "Group"; Value = "Конденсаторы"; VariantName = "[No Variations]"
Add component (AddParameter): Name = "HelpURL"; Value = ""; VariantName = "[No Variations]"
Add component (AddParameter): Name = "NoteBOM"; Value = ""; VariantName = "[No Variations]"
Add component (AddParameter): Name = "NPads"; Value = "2"; VariantName = "[No Variations]"
Add component (AddParameter): Name = "Package"; Value = "SMD 0805"; VariantName = "[No Variations]"
Add component (AddParameter): Name = "Part Number"; Value = "cap0805"; VariantName = "[No Variations]"
Add component (AddParameter): Name = "SType"; Value = "SMD"; VariantName = "[No Variations]"
Add component (AddParameter): Name = "Tolerance"; Value = ""; VariantName = "[No Variations]"
Add component (AddParameter): Name = "ValueSCH"; Value = ""; VariantName = "[No Variations]"
Add component (AddParameter): Name = "Voltage"; Value = ""; VariantName = "[No Variations]"
Added Component: Designator=C28(TC7360-2924-E)
Add component (AddParameter): Name = "Analog"; Value = ""; VariantName = "[No Variations]"
Add component (AddParameter): Name = "Group"; Value = "Конденсаторы"; VariantName = "[No Variations]"
Add component (AddParameter): Name = "HelpURL"; Value = ""; VariantName = "[No Variations]"
Add component (AddParameter): Name = "NoteBOM"; Value = ""; VariantName = "[No Variations]"
Add component (AddParameter): Name = "NPads"; Value = "2"; VariantName = "[No Variations]"
Add component (AddParameter): Name = "Package"; Value = "SMD E"; VariantName = "[No Variations]"
Add component (AddParameter): Name = "Part Number"; Value = "capE"; VariantName = "[No Variations]"
Add component (AddParameter): Name = "SType"; Value = "SMD"; VariantName = "[No Variations]"
Add component (AddParameter): Name = "Tolerance"; Value = ""; VariantName = "[No Variations]"
Add component (AddParameter): Name = "ValueSCH"; Value = "100uF"; VariantName = "[No Variations]"
Add component (AddParameter): Name = "Voltage"; Value = ""; VariantName = "[No Variations]"
Added Pin To Net: NetName=5V Pin=C21-1
Added Pin To Net: NetName=5V Pin=C24-1
Added Pin To Net: NetName=5V Pin=C25-1
Added Pin To Net: NetName=5V Pin=C26-1
Added Pin To Net: NetName=NetC34_2 Pin=C33-2
Added Pin To Net: NetName=NetC34_2 Pin=C36-2
Add Pin To Net: Unknown Pin: Pin DD2-11
Added Pin To Net: NetName=5V Pin=U3-1
Added Pin To Net: NetName=5V Pin=U4-1
Change Net Name : Old Net Name=NetC34_2 New Net Name=NetC33_2
Added Pin To Net: NetName=-U1 Pin=C27-2
Added Pin To Net: NetName=-U1 Pin=C28-2
Added Pin To Net: NetName=-U1 Pin=J3-1
Added Pin To Net: NetName=-U1 Pin=U4-3
Added Net: Name=-U1
Added Pin To Net: NetName=GND1 Pin=C27-2
Added Pin To Net: NetName=GND1 Pin=C28-1
Added Pin To Net: NetName=GND1 Pin=C28-2
Added Pin To Net: NetName=GND1 Pin=U4-4
Added Net: Name=GND1
Added Member To Class: ClassName=Yo-Radio Member=Component C27 0.1uF
Added Member To Class: ClassName=Yo-Radio Member=Component C28 100uF
