Added Component: Designator=R7(res0805)
Add component (AddParameter): Name = "Analog"; Value = ""; VariantName = "[No Variations]"
Add component (AddParameter): Name = "Group"; Value = "Резисторы"; VariantName = "[No Variations]"
Add component (AddParameter): Name = "HelpURL"; Value = ""; VariantName = "[No Variations]"
Add component (AddParameter): Name = "NoteBOM"; Value = ""; VariantName = "[No Variations]"
Add component (AddParameter): Name = "NPads"; Value = "2"; VariantName = "[No Variations]"
Add component (AddParameter): Name = "Package"; Value = "SMD 0805"; VariantName = "[No Variations]"
Add component (AddParameter): Name = "Part Number"; Value = "res0805"; VariantName = "[No Variations]"
Add component (AddParameter): Name = "SType"; Value = "SMD"; VariantName = "[No Variations]"
Add component (AddParameter): Name = "Tolerance"; Value = ""; VariantName = "[No Variations]"
Add component (AddParameter): Name = "ValueSCH"; Value = ""; VariantName = "[No Variations]"
Add component (AddParameter): Name = "Voltage"; Value = ""; VariantName = "[No Variations]"
Add component: Footprint Not Found res0805
Add component: Footprint Not Found res0805
Add component: Footprint Not Found res0805
Add component: Footprint Not Found res0805
Add component: Footprint Not Found res0805
Add Pin To Net: Unknown Pin: Pin DA10-4
Added Pin To Net: NetName=5VA Pin=R7-1
Added Pin To Net: NetName=NetDA8_7 Pin=R7-2
Add Pin To Net: Unknown Pin: Pin R8-1
Add Pin To Net: Unknown Pin: Pin R8-2
Add Pin To Net: Unknown Pin: Pin R9-1
Add Pin To Net: Unknown Pin: Pin R9-2
Add Pin To Net: Unknown Pin: Pin R10-1
Add Pin To Net: Unknown Pin: Pin R10-2
Add Pin To Net: Unknown Pin: Pin R11-1
Add Pin To Net: Unknown Pin: Pin R11-2
Add Pin To Net: Unknown Pin: Pin R12-1
Add Pin To Net: Unknown Pin: Pin R12-2
Added Member To Class: ClassName=Yo-Radio Member=Component R7 10k
Add Class Member: Failed to add class member : Component R8 330
Add Class Member: Failed to add class member : Component R9 330
Add Class Member: Failed to add class member : Component R10 100
Add Class Member: Failed to add class member : Component R11 330
Add Class Member: Failed to add class member : Component R12 100
