Added Component: Designator=DA13(SOT223)
Add component (AddParameter): Name = "Analog"; Value = "SPX1117M3L-3.3"; VariantName = "[No Variations]"
Add component (AddParameter): Name = "Group"; Value = "Микросхемы"; VariantName = "[No Variations]"
Add component (AddParameter): Name = "HelpURL"; Value = "\DATA\LM1117.pdf"; VariantName = "[No Variations]"
Add component (AddParameter): Name = "NoteBOM"; Value = ""; VariantName = "[No Variations]"
Add component (AddParameter): Name = "NPads"; Value = "4"; VariantName = "[No Variations]"
Add component (AddParameter): Name = "Package"; Value = "SOT223"; VariantName = "[No Variations]"
Add component (AddParameter): Name = "Part Number"; Value = "LM1117MP-3.3"; VariantName = "[No Variations]"
Add component (AddParameter): Name = "SType"; Value = "SMD"; VariantName = "[No Variations]"
Add component (AddParameter): Name = "Tolerance"; Value = ""; VariantName = "[No Variations]"
Add component (AddParameter): Name = "ValueSCH"; Value = "LM1117MP-3.3"; VariantName = "[No Variations]"
Add component (AddParameter): Name = "Voltage"; Value = ""; VariantName = "[No Variations]"
Add component: Footprint Not Found SOT223
Add component: Footprint Not Found res0805
Add component: Footprint Not Found res0805
Add component: Footprint Not Found res0805
Add component: Footprint Not Found res0805
Add component: Footprint Not Found res0805
Add component: Footprint Not Found res0805
Add Pin To Net: Unknown Pin: Pin DA10-4
Added Pin To Net: NetName=GND Pin=DA13-1
Added Pin To Net: NetName=3.3V Pin=DA13-2
Added Pin To Net: NetName=5V Pin=DA13-3
Added Pin To Net: NetName=GND Pin=DA13-4
Add Pin To Net: Unknown Pin: Pin DA14-1
Add Pin To Net: Unknown Pin: Pin DA14-2
Add Pin To Net: Unknown Pin: Pin DA14-3
Add Pin To Net: Unknown Pin: Pin DA14-4
Add Pin To Net: Unknown Pin: Pin R7-1
Add Pin To Net: Unknown Pin: Pin R7-2
Add Pin To Net: Unknown Pin: Pin R8-1
Add Pin To Net: Unknown Pin: Pin R8-2
Add Pin To Net: Unknown Pin: Pin R9-1
Add Pin To Net: Unknown Pin: Pin R9-2
Add Pin To Net: Unknown Pin: Pin R10-1
Add Pin To Net: Unknown Pin: Pin R10-2
Add Pin To Net: Unknown Pin: Pin R11-1
Add Pin To Net: Unknown Pin: Pin R11-2
Add Pin To Net: Unknown Pin: Pin R12-1
Add Pin To Net: Unknown Pin: Pin R12-2
Added Member To Class: ClassName=Yo-Radio Member=Component DA13 LM1117MP-3.3
Add Class Member: Failed to add class member : Component DA14 LD1117S33
Add Class Member: Failed to add class member : Component R7 10k
Add Class Member: Failed to add class member : Component R8 330
Add Class Member: Failed to add class member : Component R9 330
Add Class Member: Failed to add class member : Component R10 100
Add Class Member: Failed to add class member : Component R11 330
Add Class Member: Failed to add class member : Component R12 100
