Added Component: Designator=R2(res0805)
Add component (AddParameter): Name = "Analog"; Value = ""; VariantName = "[No Variations]"
Add component (AddParameter): Name = "Group"; Value = "Резисторы"; VariantName = "[No Variations]"
Add component (AddParameter): Name = "HelpURL"; Value = ""; VariantName = "[No Variations]"
Add component (AddParameter): Name = "NoteBOM"; Value = ""; VariantName = "[No Variations]"
Add component (AddParameter): Name = "NPads"; Value = "2"; VariantName = "[No Variations]"
Add component (AddParameter): Name = "Package"; Value = "SMD 0805"; VariantName = "[No Variations]"
Add component (AddParameter): Name = "Part Number"; Value = "res0805"; VariantName = "[No Variations]"
Add component (AddParameter): Name = "SType"; Value = "SMD"; VariantName = "[No Variations]"
Add component (AddParameter): Name = "Tolerance"; Value = ""; VariantName = "[No Variations]"
Add component (AddParameter): Name = "ValueSCH"; Value = ""; VariantName = "[No Variations]"
Add component (AddParameter): Name = "Voltage"; Value = ""; VariantName = "[No Variations]"
Added Component: Designator=R3(res0805)
Add component (AddParameter): Name = "Analog"; Value = ""; VariantName = "[No Variations]"
Add component (AddParameter): Name = "Group"; Value = "Резисторы"; VariantName = "[No Variations]"
Add component (AddParameter): Name = "HelpURL"; Value = ""; VariantName = "[No Variations]"
Add component (AddParameter): Name = "NoteBOM"; Value = ""; VariantName = "[No Variations]"
Add component (AddParameter): Name = "NPads"; Value = "2"; VariantName = "[No Variations]"
Add component (AddParameter): Name = "Package"; Value = "SMD 0805"; VariantName = "[No Variations]"
Add component (AddParameter): Name = "Part Number"; Value = "res0805"; VariantName = "[No Variations]"
Add component (AddParameter): Name = "SType"; Value = "SMD"; VariantName = "[No Variations]"
Add component (AddParameter): Name = "Tolerance"; Value = ""; VariantName = "[No Variations]"
Add component (AddParameter): Name = "ValueSCH"; Value = ""; VariantName = "[No Variations]"
Add component (AddParameter): Name = "Voltage"; Value = ""; VariantName = "[No Variations]"
Added Component: Designator=R4(res0805)
Add component (AddParameter): Name = "Analog"; Value = ""; VariantName = "[No Variations]"
Add component (AddParameter): Name = "Group"; Value = "Резисторы"; VariantName = "[No Variations]"
Add component (AddParameter): Name = "HelpURL"; Value = ""; VariantName = "[No Variations]"
Add component (AddParameter): Name = "NoteBOM"; Value = ""; VariantName = "[No Variations]"
Add component (AddParameter): Name = "NPads"; Value = "2"; VariantName = "[No Variations]"
Add component (AddParameter): Name = "Package"; Value = "SMD 0805"; VariantName = "[No Variations]"
Add component (AddParameter): Name = "Part Number"; Value = "res0805"; VariantName = "[No Variations]"
Add component (AddParameter): Name = "SType"; Value = "SMD"; VariantName = "[No Variations]"
Add component (AddParameter): Name = "Tolerance"; Value = ""; VariantName = "[No Variations]"
Add component (AddParameter): Name = "ValueSCH"; Value = ""; VariantName = "[No Variations]"
Add component (AddParameter): Name = "Voltage"; Value = ""; VariantName = "[No Variations]"
Added Pin To Net: NetName=NetDD1_29 Pin=R2-1
Added Pin To Net: NetName=LRC Pin=R2-2
Added Pin To Net: NetName=NetDD1_24 Pin=R3-1
Added Pin To Net: NetName=DOUT Pin=R3-2
Added Pin To Net: NetName=NetDD1_26 Pin=R4-1
Added Pin To Net: NetName=BCLK Pin=R4-2
Change Net Name : Old Net Name=NetLabel30 New Net Name=G23
Change Net Name : Old Net Name=NetLabel35 New Net Name=G18
Added Pin To Net: NetName=CMD Pin=DD1-18
Added Net: Name=CMD
Added Pin To Net: NetName=G0 Pin=DD1-25
Added Net: Name=G0
Added Pin To Net: NetName=G12 Pin=DD1-13
Added Net: Name=G12
Added Pin To Net: NetName=G16 Pin=DD1-27
Added Net: Name=G16
Added Pin To Net: NetName=G17 Pin=DD1-28
Added Net: Name=G17
Added Pin To Net: NetName=G19 Pin=DD1-31
Added Net: Name=G19
Added Pin To Net: NetName=G21 Pin=DD1-33
Added Net: Name=G21
Added Pin To Net: NetName=G22 Pin=DD1-36
Added Net: Name=G22
Added Pin To Net: NetName=G27 Pin=DD1-11
Added Net: Name=G27
Added Pin To Net: NetName=G33 Pin=DD1-8
Added Net: Name=G33
Added Pin To Net: NetName=G35 Pin=DD1-6
Added Net: Name=G35
Added Pin To Net: NetName=RXD Pin=DD1-34
Added Net: Name=RXD
Added Pin To Net: NetName=SD0 Pin=DD1-21
Added Net: Name=SD0
Added Pin To Net: NetName=SD1 Pin=DD1-22
Added Net: Name=SD1
Added Pin To Net: NetName=SD2 Pin=DD1-16
Added Net: Name=SD2
Added Pin To Net: NetName=SD3 Pin=DD1-17
Added Net: Name=SD3
Added Pin To Net: NetName=SLK Pin=DD1-20
Added Net: Name=SLK
Added Pin To Net: NetName=TXD Pin=DD1-35
Added Net: Name=TXD
Added Member To Class: ClassName=Yo-Radio Member=Component DD1 Wrover38
Added Member To Class: ClassName=Yo-Radio Member=Component R2 24
Added Member To Class: ClassName=Yo-Radio Member=Component R3 24
Added Member To Class: ClassName=Yo-Radio Member=Component R4 24
