Added Component: Designator=XP?(15EDGRC-3.5-02P)
Add component (AddParameter): Name = "Analog"; Value = ""; VariantName = "[No Variations]"
Add component (AddParameter): Name = "Group"; Value = "׀אחתול"; VariantName = "[No Variations]"
Add component (AddParameter): Name = "HelpURL"; Value = ""; VariantName = "[No Variations]"
Add component (AddParameter): Name = "NoteBOM"; Value = ""; VariantName = "[No Variations]"
Add component (AddParameter): Name = "NPads"; Value = "2"; VariantName = "[No Variations]"
Add component (AddParameter): Name = "Package"; Value = ""; VariantName = "[No Variations]"
Add component (AddParameter): Name = "Part Number"; Value = "15EDGRC-3.5-02P"; VariantName = "[No Variations]"
Add component (AddParameter): Name = "SType"; Value = "TH"; VariantName = "[No Variations]"
Add component (AddParameter): Name = "Tolerance"; Value = ""; VariantName = "[No Variations]"
Add component (AddParameter): Name = "ValueSCH"; Value = "15EDGRC-3.5-02P"; VariantName = "[No Variations]"
Add component (AddParameter): Name = "VariantName1"; Value = ""; VariantName = "[No Variations]"
Add component (AddParameter): Name = "VariantName2"; Value = ""; VariantName = "[No Variations]"
Add component (AddParameter): Name = "Voltage"; Value = ""; VariantName = "[No Variations]"
Added Pin To Net: NetName=5V Pin=XP?-1
Added Pin To Net: NetName=GND Pin=XP?-2
Added Member To Class: ClassName=Yo-Radio Member=Component C3 6.8uF
Added Member To Class: ClassName=Yo-Radio Member=Component C5 0.1uF
Added Member To Class: ClassName=Yo-Radio Member=Component C6 6.8uF
Added Member To Class: ClassName=Yo-Radio Member=Component C7 100uF
Added Member To Class: ClassName=Yo-Radio Member=Component C9 0.1uF
Added Member To Class: ClassName=Yo-Radio Member=Component C10 6.8uF
Added Member To Class: ClassName=Yo-Radio Member=Component C12
Added Member To Class: ClassName=Yo-Radio Member=Component C14 0.1uF
Added Member To Class: ClassName=Yo-Radio Member=Component C16 0.1uF
Added Member To Class: ClassName=Yo-Radio Member=Component C18 0.1uF
Added Member To Class: ClassName=Yo-Radio Member=Component C20 6.8uF
Added Member To Class: ClassName=Yo-Radio Member=Component XP? 15EDGRC-3.5-02P
