Added Component: Designator=DD1(Wrover)
Added Pin To Net: NetName=3.3Vin Pin=DD1-1
Added Pin To Net: NetName=EN Pin=DD1-2
Added Pin To Net: NetName=SP Pin=DD1-3
Added Pin To Net: NetName=SN Pin=DD1-4
Added Pin To Net: NetName=RX2 Pin=DD1-5
Added Pin To Net: NetName=G35 Pin=DD1-6
Added Pin To Net: NetName=TX2 Pin=DD1-7
Added Pin To Net: NetName=G33 Pin=DD1-8
Added Pin To Net: NetName=DC Pin=DD1-9
Added Pin To Net: NetName=CS Pin=DD1-10
Added Pin To Net: NetName=G27 Pin=DD1-11
Added Pin To Net: NetName=SCK Pin=DD1-12
Added Pin To Net: NetName=G12 Pin=DD1-13
Added Pin To Net: NetName=GND Pin=DD1-14
Added Pin To Net: NetName=MOSI Pin=DD1-15
Added Pin To Net: NetName=SD2 Pin=DD1-16
Added Pin To Net: NetName=SD3 Pin=DD1-17
Added Pin To Net: NetName=CMD Pin=DD1-18
Added Pin To Net: NetName=5V Pin=DD1-19
Added Pin To Net: NetName=SLK Pin=DD1-20
Added Pin To Net: NetName=SD0 Pin=DD1-21
Added Pin To Net: NetName=SD1 Pin=DD1-22
Added Pin To Net: NetName=Dir Pin=DD1-23
Added Pin To Net: NetName=NetDD1_24 Pin=DD1-24
Added Pin To Net: NetName=G0 Pin=DD1-25
Added Pin To Net: NetName=NetDD1_26 Pin=DD1-26
Added Pin To Net: NetName=G16 Pin=DD1-27
Added Pin To Net: NetName=G17 Pin=DD1-28
Added Pin To Net: NetName=NetDD1_29 Pin=DD1-29
Added Pin To Net: NetName=G18 Pin=DD1-30
Added Pin To Net: NetName=G19 Pin=DD1-31
Added Pin To Net: NetName=GND Pin=DD1-32
Added Pin To Net: NetName=G21 Pin=DD1-33
Added Pin To Net: NetName=RXD Pin=DD1-34
Added Pin To Net: NetName=TXD Pin=DD1-35
Added Pin To Net: NetName=G22 Pin=DD1-36
Added Pin To Net: NetName=G23 Pin=DD1-37
Added Pin To Net: NetName=GND Pin=DD1-38
Added Member To Class: ClassName=Yo-Radio Member=Component DD1 Wrover38
