Removed Pin From Net: NetName=RX2 Pin=DD2-31
Removed Pin From Net: NetName=TX2 Pin=DD2-33
Removed Pin From Net: NetName=LRC Pin=R2-2
Removed Pin From Net: NetName=BCLK Pin=R3-2
Removed Pin From Net: NetName=DOUT Pin=R4-2
Removed Member From Class: ClassName=Yo-Radio Member=R4
Removed Member From Class: ClassName=Yo-Radio Member=R5
Removed Member From Class: ClassName=Yo-Radio Member=R6
Change Component Designator: OldDesignator=C13 NewDesignator=C15
Change Component Designator: OldDesignator=C14 NewDesignator=C16
Change Component Designator: OldDesignator=C15 NewDesignator=C17
Change Component Designator: OldDesignator=C16 NewDesignator=C18
Change Component Designator: OldDesignator=C17 NewDesignator=C19
Change Component Designator: OldDesignator=C18 NewDesignator=C20
Change Component Designator: OldDesignator=C19 NewDesignator=C21
Change Component Designator: OldDesignator=C20 NewDesignator=C22
Change Component Designator: OldDesignator=C21 NewDesignator=C23
Change Component Designator: OldDesignator=C22 NewDesignator=C24
Change Component Designator: OldDesignator=C23 NewDesignator=C25
Change Component Designator: OldDesignator=C24 NewDesignator=C26
Change Component Designator: OldDesignator=C25 NewDesignator=C27
Change Component Designator: OldDesignator=C26 NewDesignator=C28
Change Component Designator: OldDesignator=C27 NewDesignator=C29
Change Component Designator: OldDesignator=C28 NewDesignator=C30
Change Component Designator: OldDesignator=C29 NewDesignator=C31
Change Component Designator: OldDesignator=C30 NewDesignator=C32
Change Component Designator: OldDesignator=C31 NewDesignator=C33
Change Component Designator: OldDesignator=C32 NewDesignator=C34
Change Component Designator: OldDesignator=C33 NewDesignator=C35
Change Component Designator: OldDesignator=R5 NewDesignator=R2
Change Component Designator: OldDesignator=R6 NewDesignator=R3
Added Component: Designator=C13(cap0805)
Add component (AddParameter): Name = "Analog"; Value = ""; VariantName = "[No Variations]"
Add component (AddParameter): Name = "Group"; Value = "Конденсаторы"; VariantName = "[No Variations]"
Add component (AddParameter): Name = "HelpURL"; Value = ""; VariantName = "[No Variations]"
Add component (AddParameter): Name = "NoteBOM"; Value = ""; VariantName = "[No Variations]"
Add component (AddParameter): Name = "NPads"; Value = "2"; VariantName = "[No Variations]"
Add component (AddParameter): Name = "Package"; Value = "SMD 0805"; VariantName = "[No Variations]"
Add component (AddParameter): Name = "Part Number"; Value = "cap0805"; VariantName = "[No Variations]"
Add component (AddParameter): Name = "SType"; Value = "SMD"; VariantName = "[No Variations]"
Add component (AddParameter): Name = "Tolerance"; Value = ""; VariantName = "[No Variations]"
Add component (AddParameter): Name = "ValueSCH"; Value = ""; VariantName = "[No Variations]"
Add component (AddParameter): Name = "Voltage"; Value = ""; VariantName = "[No Variations]"
Added Component: Designator=C14(TC3216-1206-A)
Add component (AddParameter): Name = "Analog"; Value = ""; VariantName = "[No Variations]"
Add component (AddParameter): Name = "Group"; Value = "Конденсаторы"; VariantName = "[No Variations]"
Add component (AddParameter): Name = "HelpURL"; Value = ""; VariantName = "[No Variations]"
Add component (AddParameter): Name = "NoteBOM"; Value = ""; VariantName = "[No Variations]"
Add component (AddParameter): Name = "NPads"; Value = "2"; VariantName = "[No Variations]"
Add component (AddParameter): Name = "Package"; Value = "SMD A"; VariantName = "[No Variations]"
Add component (AddParameter): Name = "Part Number"; Value = "capA"; VariantName = "[No Variations]"
Add component (AddParameter): Name = "SType"; Value = "SMD"; VariantName = "[No Variations]"
Add component (AddParameter): Name = "Tolerance"; Value = ""; VariantName = "[No Variations]"
Add component (AddParameter): Name = "ValueSCH"; Value = ""; VariantName = "[No Variations]"
Add component (AddParameter): Name = "Voltage"; Value = ""; VariantName = "[No Variations]"
Added Pin To Net: NetName=5VA Pin=C13-1
Added Pin To Net: NetName=GNDA Pin=C13-2
Added Pin To Net: NetName=5VA Pin=C14-1
Added Pin To Net: NetName=GNDA Pin=C14-2
Added Pin To Net: NetName=RX2 Pin=DD2-30
Added Pin To Net: NetName=TX2 Pin=DD2-31
Added Pin To Net: NetName=DOUT Pin=DD2-33
Added Pin To Net: NetName=BCLK Pin=DD2-36
Added Pin To Net: NetName=LRC Pin=DD2-37
Added Pin To Net: NetName=GNDA Pin=DD3-9
Added Pin To Net: NetName=GNDA Pin=DD3-15
Change Net Name : Old Net Name=LR_C New Net Name=L_RC
Change Net Name : Old Net Name=NetC30_2 New Net Name=NetC32_2
Change Net Name : Old Net Name=NetR5_2 New Net Name=NetR2_2
Change Net Name : Old Net Name=NetR6_2 New Net Name=NetR3_2
Added Pin To Net: NetName=G2 Pin=DD2-24
Added Net: Name=G2
Added Pin To Net: NetName=G4 Pin=DD2-26
Added Net: Name=G4
Added Pin To Net: NetName=G5 Pin=DD2-29
Added Net: Name=G5
Added Member To Class: ClassName=Yo-Radio Member=Component C34 6.8uF
Added Member To Class: ClassName=Yo-Radio Member=Component C35 6.8uF
