Added Component: Designator=X1(PBD-16)
Add component (AddParameter): Name = "Analog"; Value = ""; VariantName = "[No Variations]"
Add component (AddParameter): Name = "Group"; Value = "׀אחתול"; VariantName = "[No Variations]"
Add component (AddParameter): Name = "HelpURL"; Value = ""; VariantName = "[No Variations]"
Add component (AddParameter): Name = "NoteBOM"; Value = ""; VariantName = "[No Variations]"
Add component (AddParameter): Name = "NPads"; Value = "16"; VariantName = "[No Variations]"
Add component (AddParameter): Name = "Package"; Value = ""; VariantName = "[No Variations]"
Add component (AddParameter): Name = "Part Number"; Value = "PBD-16"; VariantName = "[No Variations]"
Add component (AddParameter): Name = "SType"; Value = "TH"; VariantName = "[No Variations]"
Add component (AddParameter): Name = "Tolerance"; Value = ""; VariantName = "[No Variations]"
Add component (AddParameter): Name = "ValueSCH"; Value = "PBD-16"; VariantName = "[No Variations]"
Add component (AddParameter): Name = "Voltage"; Value = ""; VariantName = "[No Variations]"
Added Pin To Net: NetName=3.3V Pin=X1-1
Added Pin To Net: NetName=3.3V Pin=X1-2
Added Pin To Net: NetName=GND Pin=X1-3
Added Pin To Net: NetName=GND Pin=X1-4
Added Pin To Net: NetName=CS Pin=X1-5
Added Pin To Net: NetName=CS Pin=X1-6
Added Pin To Net: NetName=NetR5_2 Pin=X1-7
Added Pin To Net: NetName=NetR5_2 Pin=X1-8
Added Pin To Net: NetName=DC Pin=X1-9
Added Pin To Net: NetName=DC Pin=X1-10
Added Pin To Net: NetName=MOSI Pin=X1-11
Added Pin To Net: NetName=MOSI Pin=X1-12
Added Pin To Net: NetName=SCK Pin=X1-13
Added Pin To Net: NetName=SCK Pin=X1-14
Added Pin To Net: NetName=NetR6_2 Pin=X1-15
Added Pin To Net: NetName=NetR6_2 Pin=X1-16
Added Member To Class: ClassName=Yo-Radio Member=Component X1 PBD-16
