Removed Pin From Net: NetName=GND Pin=DA2-2
Removed Pin From Net: NetName=LR_C Pin=DA2-4
Removed Pin From Net: NetName=GNDA Pin=DA2-5
Removed Pin From Net: NetName=5VA Pin=DA2-6
Removed Pin From Net: NetName=GND Pin=DA3-2
Removed Pin From Net: NetName=B_CLK Pin=DA3-4
Removed Pin From Net: NetName=GNDA Pin=DA3-5
Removed Pin From Net: NetName=5VA Pin=DA3-6
Removed Pin From Net: NetName=GND Pin=DA4-2
Removed Pin From Net: NetName=D_OUT Pin=DA4-4
Removed Pin From Net: NetName=GNDA Pin=DA4-5
Removed Pin From Net: NetName=5VA Pin=DA4-6
Removed Pin From Net: NetName=LRC Pin=DD1-9
Removed Pin From Net: NetName=BCLK Pin=DD1-10
Removed Pin From Net: NetName=DOUT Pin=DD1-11
Removed Pin From Net: NetName=LRC Pin=R2-1
Removed Pin From Net: NetName=BCLK Pin=R3-1
Removed Pin From Net: NetName=DOUT Pin=R5-1
Removed Member From Class: ClassName=Yo-Radio Member=DA4
Removed Member From Class: ClassName=Yo-Radio Member=DA5
Removed Member From Class: ClassName=Yo-Radio Member=DA6
Change Component Comment : Designator=R2 Old Comment=330 New Comment=10k
Change Component Comment : Designator=R3 Old Comment=330 New Comment=10k
Change Component Designator: OldDesignator=DA5 NewDesignator=DA2
Change Component Designator: OldDesignator=DA6 NewDesignator=DA3
Change Component Designator: OldDesignator=R4 NewDesignator=R5
Change Component Designator: OldDesignator=XP? NewDesignator=XP1
Added Component: Designator=DD3(WSO-16)
Add component (AddParameter): Name = "Analog"; Value = ""; VariantName = "[No Variations]"
Add component (AddParameter): Name = "Group"; Value = "Микросхемы"; VariantName = "[No Variations]"
Add component (AddParameter): Name = "HelpURL"; Value = ""; VariantName = "[No Variations]"
Add component (AddParameter): Name = "NoteBOM"; Value = ""; VariantName = "[No Variations]"
Add component (AddParameter): Name = "NPads"; Value = "16"; VariantName = "[No Variations]"
Add component (AddParameter): Name = "Package"; Value = "SO-16W"; VariantName = "[No Variations]"
Add component (AddParameter): Name = "Part Number"; Value = "ADUM1402ARW"; VariantName = "[No Variations]"
Add component (AddParameter): Name = "SType"; Value = "SMD"; VariantName = "[No Variations]"
Add component (AddParameter): Name = "Tolerance"; Value = ""; VariantName = "[No Variations]"
Add component (AddParameter): Name = "ValueSCH"; Value = "ADUM1402ARW"; VariantName = "[No Variations]"
Add component (AddParameter): Name = "Voltage"; Value = ""; VariantName = "[No Variations]"
Added Component: Designator=DD4(WSO-16)
Add component (AddParameter): Name = "Analog"; Value = ""; VariantName = "[No Variations]"
Add component (AddParameter): Name = "Group"; Value = "Микросхемы"; VariantName = "[No Variations]"
Add component (AddParameter): Name = "HelpURL"; Value = ""; VariantName = "[No Variations]"
Add component (AddParameter): Name = "NoteBOM"; Value = ""; VariantName = "[No Variations]"
Add component (AddParameter): Name = "NPads"; Value = "16"; VariantName = "[No Variations]"
Add component (AddParameter): Name = "Package"; Value = "SO-16W"; VariantName = "[No Variations]"
Add component (AddParameter): Name = "Part Number"; Value = "ADUM1402ARW"; VariantName = "[No Variations]"
Add component (AddParameter): Name = "SType"; Value = "SMD"; VariantName = "[No Variations]"
Add component (AddParameter): Name = "Tolerance"; Value = ""; VariantName = "[No Variations]"
Add component (AddParameter): Name = "ValueSCH"; Value = "ADUM1402ARW"; VariantName = "[No Variations]"
Add component (AddParameter): Name = "Voltage"; Value = ""; VariantName = "[No Variations]"
Added Component: Designator=R4(res0805)
Add component (AddParameter): Name = "Analog"; Value = ""; VariantName = "[No Variations]"
Add component (AddParameter): Name = "Group"; Value = "Резисторы"; VariantName = "[No Variations]"
Add component (AddParameter): Name = "HelpURL"; Value = ""; VariantName = "[No Variations]"
Add component (AddParameter): Name = "NoteBOM"; Value = ""; VariantName = "[No Variations]"
Add component (AddParameter): Name = "NPads"; Value = "2"; VariantName = "[No Variations]"
Add component (AddParameter): Name = "Package"; Value = "SMD 0805"; VariantName = "[No Variations]"
Add component (AddParameter): Name = "Part Number"; Value = "res0805"; VariantName = "[No Variations]"
Add component (AddParameter): Name = "SType"; Value = "SMD"; VariantName = "[No Variations]"
Add component (AddParameter): Name = "Tolerance"; Value = ""; VariantName = "[No Variations]"
Add component (AddParameter): Name = "ValueSCH"; Value = ""; VariantName = "[No Variations]"
Add component (AddParameter): Name = "Voltage"; Value = ""; VariantName = "[No Variations]"
Added Component: Designator=XP2(15EDGRC-3.5-02P)
Add component (AddParameter): Name = "Analog"; Value = ""; VariantName = "[No Variations]"
Add component (AddParameter): Name = "Group"; Value = "Разъемы"; VariantName = "[No Variations]"
Add component (AddParameter): Name = "HelpURL"; Value = ""; VariantName = "[No Variations]"
Add component (AddParameter): Name = "NoteBOM"; Value = ""; VariantName = "[No Variations]"
Add component (AddParameter): Name = "NPads"; Value = "2"; VariantName = "[No Variations]"
Add component (AddParameter): Name = "Package"; Value = ""; VariantName = "[No Variations]"
Add component (AddParameter): Name = "Part Number"; Value = "15EDGRC-3.5-02P"; VariantName = "[No Variations]"
Add component (AddParameter): Name = "SType"; Value = "TH"; VariantName = "[No Variations]"
Add component (AddParameter): Name = "Tolerance"; Value = ""; VariantName = "[No Variations]"
Add component (AddParameter): Name = "ValueSCH"; Value = "15EDGRC-3.5-02P"; VariantName = "[No Variations]"
Add component (AddParameter): Name = "VariantName1"; Value = ""; VariantName = "[No Variations]"
Add component (AddParameter): Name = "VariantName2"; Value = ""; VariantName = "[No Variations]"
Add component (AddParameter): Name = "Voltage"; Value = ""; VariantName = "[No Variations]"
Added Pin To Net: NetName=3.3V Pin=DD3-1
Added Pin To Net: NetName=GND Pin=DD3-2
Added Pin To Net: NetName=LRC Pin=DD3-3
Added Pin To Net: NetName=BCLK Pin=DD3-4
Added Pin To Net: NetName=3.3V Pin=DD3-7
Added Pin To Net: NetName=GND Pin=DD3-8
Added Pin To Net: NetName=GNDA Pin=DD3-9
Added Pin To Net: NetName=5VA Pin=DD3-10
Added Pin To Net: NetName=B_CLK Pin=DD3-13
Added Pin To Net: NetName=LR_C Pin=DD3-14
Added Pin To Net: NetName=GNDA Pin=DD3-15
Added Pin To Net: NetName=5VA Pin=DD3-16
Added Pin To Net: NetName=GND Pin=DD4-2
Added Pin To Net: NetName=DOUT Pin=DD4-3
Added Pin To Net: NetName=GND Pin=DD4-8
Added Pin To Net: NetName=5VA Pin=DD4-10
Added Pin To Net: NetName=D_OUT Pin=DD4-14
Added Pin To Net: NetName=5VA Pin=DD4-16
Added Pin To Net: NetName=DOUT Pin=R2-1
Added Pin To Net: NetName=LRC Pin=R3-1
Added Pin To Net: NetName=BCLK Pin=R4-1
Added Pin To Net: NetName=5VA Pin=XP2-1
Added Pin To Net: NetName=GNDA Pin=XP2-2
Change Net Name : Old Net Name=NetR4_2 New Net Name=NetR5_2
Added Pin To Net: NetName=NetDD1_9 Pin=DD1-9
Added Pin To Net: NetName=NetDD1_9 Pin=R3-2
Added Net: Name=NetDD1_9
Added Pin To Net: NetName=NetDD1_10 Pin=DD1-10
Added Pin To Net: NetName=NetDD1_10 Pin=R4-2
Added Net: Name=NetDD1_10
Added Pin To Net: NetName=NetDD1_11 Pin=DD1-11
Added Pin To Net: NetName=NetDD1_11 Pin=R2-2
Added Net: Name=NetDD1_11
Added Pin To Net: NetName=NetDD4_9 Pin=DD4-9
Added Pin To Net: NetName=NetDD4_9 Pin=DD4-15
Added Net: Name=NetDD4_9
Added Member To Class: ClassName=Yo-Radio Member=Component DD3 ADUM1402ARW
Added Member To Class: ClassName=Yo-Radio Member=Component DD4 ADUM1402ARW
Added Member To Class: ClassName=Yo-Radio Member=Component XP2 15EDGRC-3.5-02P
