Removed Member From Class: ClassName=Yo-Radio Member=R7
Change Component Designator: OldDesignator=C19 NewDesignator=C1
Change Component Designator: OldDesignator=C20 NewDesignator=C2
Change Component Designator: OldDesignator=C21 NewDesignator=C3
Change Component Designator: OldDesignator=C22 NewDesignator=C4
Change Component Designator: OldDesignator=C23 NewDesignator=C6
Change Component Designator: OldDesignator=C24 NewDesignator=C8
Change Component Designator: OldDesignator=C25 NewDesignator=C11
Change Component Designator: OldDesignator=C26 NewDesignator=C12
Change Component Designator: OldDesignator=C27 NewDesignator=C13
Change Component Designator: OldDesignator=C27 NewDesignator=C15
Change Component Designator: OldDesignator=C28 NewDesignator=C14
Change Component Designator: OldDesignator=C28 NewDesignator=C16
Change Component Designator: OldDesignator=C29 NewDesignator=C5
Change Component Designator: OldDesignator=C30 NewDesignator=C7
Change Component Designator: OldDesignator=C31 NewDesignator=C9
Change Component Designator: OldDesignator=C32 NewDesignator=C10
Change Component Designator: OldDesignator=C33 NewDesignator=C17
Change Component Designator: OldDesignator=C34 NewDesignator=C18
Change Component Designator: OldDesignator=C35 NewDesignator=C19
Change Component Designator: OldDesignator=C36 NewDesignator=C20
Change Component Designator: OldDesignator=DA8 NewDesignator=DA1
Change Component Designator: OldDesignator=DA9 NewDesignator=DA2
Change Component Designator: OldDesignator=DA11 NewDesignator=DA3
Change Component Designator: OldDesignator=DA12 NewDesignator=DA4
Change Component Designator: OldDesignator=DA13 NewDesignator=DA5
Change Component Designator: OldDesignator=DA14 NewDesignator=DA6
Change Component Designator: OldDesignator=DD2 NewDesignator=DD1
Change Component Designator: OldDesignator=DD3 NewDesignator=DD2
Change Component Designator: OldDesignator=J3 NewDesignator=J1
Change Component Designator: OldDesignator=J4 NewDesignator=J2
Change Component Designator: OldDesignator=R1 NewDesignator=R2
Change Component Designator: OldDesignator=R2 NewDesignator=R3
Change Component Designator: OldDesignator=R3 NewDesignator=R5
Change Component Designator: OldDesignator=R7 NewDesignator=R1
Change Component Designator: OldDesignator=R10 NewDesignator=R4
Change Component Designator: OldDesignator=R12 NewDesignator=R6
Change Component Designator: OldDesignator=U3 NewDesignator=U1
Change Component Designator: OldDesignator=U4 NewDesignator=U2
Change Component Designator: OldDesignator=X3 NewDesignator=X1
Change Net Name : Old Net Name=NetC25_2 New Net Name=NetC11_2
Change Net Name : Old Net Name=NetC33_2 New Net Name=NetC17_2
Change Net Name : Old Net Name=NetDA8_7 New Net Name=NetDA1_7
Change Net Name : Old Net Name=NetDA9_1 New Net Name=NetDA2_1
Change Net Name : Old Net Name=NetDA11_1 New Net Name=NetDA3_1
Change Net Name : Old Net Name=NetDA12_1 New Net Name=NetDA4_1
Change Net Name : Old Net Name=NetR10_2 New Net Name=NetR4_2
Change Net Name : Old Net Name=NetR12_2 New Net Name=NetR6_2
Added Member To Class: ClassName=Yo-Radio Member=Component C14 100uF
Added Member To Class: ClassName=Yo-Radio Member=Component C15 0.1uF
Added Member To Class: ClassName=Yo-Radio Member=Component R5 330
